22:10:25 **** Build of configuration Release for project BlackCat_Tensors3.3 ****
make all 
Building file: ../UnitTests/main.cu
Invoking: NVCC Compiler
/usr/local/cuda-9.1/bin/nvcc -I/usr/local/cuda-9.1/bin -I/usr/local/cuda/include -I/usr/local/include/atlas-base -I/home/joseph/BlackCat_Libraries/BlackCat_Tensors3.2/BlackCat_Tensors_Functions/Functions -O3 -Xcompiler -fopenmp -gencode arch=compute_52,code=sm_52  -odir "UnitTests" -M -o "UnitTests/main.d" "../UnitTests/main.cu"
/usr/local/cuda-9.1/bin/nvcc -I/usr/local/cuda-9.1/bin -I/usr/local/cuda/include -I/usr/local/include/atlas-base -I/home/joseph/BlackCat_Libraries/BlackCat_Tensors3.2/BlackCat_Tensors_Functions/Functions -O3 -Xcompiler -fopenmp --compile --relocatable-device-code=true -gencode arch=compute_52,code=compute_52 -gencode arch=compute_52,code=sm_52  -x cu -o  "UnitTests/main.o" "../UnitTests/main.cu"
../UnitTests/main.cu: In function ‘auto test()’:
../UnitTests/main.cu:39:1: error: ‘__T0’ has not been declared
  decltype(a + b)::RANK();
 ^~~~
UnitTests/subdir.mk:18: recipe for target 'UnitTests/main.o' failed
make: *** [UnitTests/main.o] Error 1
22:10:41 **** Incremental Build of configuration Release for project BlackCat_Tensors3.3 ****
make all 
Building file: ../UnitTests/main.cu
Invoking: NVCC Compiler
/usr/local/cuda-9.1/bin/nvcc -I/usr/local/cuda-9.1/bin -I/usr/local/cuda/include -I/usr/local/include/atlas-base -I/home/joseph/BlackCat_Libraries/BlackCat_Tensors3.2/BlackCat_Tensors_Functions/Functions -O3 -Xcompiler -fopenmp -gencode arch=compute_52,code=sm_52  -odir "UnitTests" -M -o "UnitTests/main.d" "../UnitTests/main.cu"
/usr/local/cuda-9.1/bin/nvcc -I/usr/local/cuda-9.1/bin -I/usr/local/cuda/include -I/usr/local/include/atlas-base -I/home/joseph/BlackCat_Libraries/BlackCat_Tensors3.2/BlackCat_Tensors_Functions/Functions -O3 -Xcompiler -fopenmp --compile --relocatable-device-code=true -gencode arch=compute_52,code=compute_52 -gencode arch=compute_52,code=sm_52  -x cu -o  "UnitTests/main.o" "../UnitTests/main.cu"
../UnitTests/main.cu: In function ‘auto test()’:
../UnitTests/main.cu:40:1: error: ‘__T0’ has not been declared
  decltype(a + b)::RANK();
 ^~~~
make: *** [UnitTests/main.o] Error 1
UnitTests/subdir.mk:18: recipe for target 'UnitTests/main.o' failed
22:11:02 **** Incremental Build of configuration Release for project BlackCat_Tensors3.3 ****
make all 
Building file: ../UnitTests/main.cu
Invoking: NVCC Compiler
/usr/local/cuda-9.1/bin/nvcc -I/usr/local/cuda-9.1/bin -I/usr/local/cuda/include -I/usr/local/include/atlas-base -I/home/joseph/BlackCat_Libraries/BlackCat_Tensors3.2/BlackCat_Tensors_Functions/Functions -O3 -Xcompiler -fopenmp -gencode arch=compute_52,code=sm_52  -odir "UnitTests" -M -o "UnitTests/main.d" "../UnitTests/main.cu"
/usr/local/cuda-9.1/bin/nvcc -I/usr/local/cuda-9.1/bin -I/usr/local/cuda/include -I/usr/local/include/atlas-base -I/home/joseph/BlackCat_Libraries/BlackCat_Tensors3.2/BlackCat_Tensors_Functions/Functions -O3 -Xcompiler -fopenmp --compile --relocatable-device-code=true -gencode arch=compute_52,code=compute_52 -gencode arch=compute_52,code=sm_52  -x cu -o  "UnitTests/main.o" "../UnitTests/main.cu"
Finished building: ../UnitTests/main.cu
 
Building file: ../BC_Internals/BC_MathLibraries/Mathematics_GPU.cu
Invoking: NVCC Compiler
/usr/local/cuda-9.1/bin/nvcc -I/usr/local/cuda-9.1/bin -I/usr/local/cuda/include -I/usr/local/include/atlas-base -I/home/joseph/BlackCat_Libraries/BlackCat_Tensors3.2/BlackCat_Tensors_Functions/Functions -O3 -Xcompiler -fopenmp -gencode arch=compute_52,code=sm_52  -odir "BC_Internals/BC_MathLibraries" -M -o "BC_Internals/BC_MathLibraries/Mathematics_GPU.d" "../BC_Internals/BC_MathLibraries/Mathematics_GPU.cu"
/usr/local/cuda-9.1/bin/nvcc -I/usr/local/cuda-9.1/bin -I/usr/local/cuda/include -I/usr/local/include/atlas-base -I/home/joseph/BlackCat_Libraries/BlackCat_Tensors3.2/BlackCat_Tensors_Functions/Functions -O3 -Xcompiler -fopenmp --compile --relocatable-device-code=true -gencode arch=compute_52,code=compute_52 -gencode arch=compute_52,code=sm_52  -x cu -o  "BC_Internals/BC_MathLibraries/Mathematics_GPU.o" "../BC_Internals/BC_MathLibraries/Mathematics_GPU.cu"
Finished building: ../BC_Internals/BC_MathLibraries/Mathematics_GPU.cu
 
Building file: ../BC_Internals/BC_MathLibraries/Mathematics_GPU_impl.cu
Invoking: NVCC Compiler
/usr/local/cuda-9.1/bin/nvcc -I/usr/local/cuda-9.1/bin -I/usr/local/cuda/include -I/usr/local/include/atlas-base -I/home/joseph/BlackCat_Libraries/BlackCat_Tensors3.2/BlackCat_Tensors_Functions/Functions -O3 -Xcompiler -fopenmp -gencode arch=compute_52,code=sm_52  -odir "BC_Internals/BC_MathLibraries" -M -o "BC_Internals/BC_MathLibraries/Mathematics_GPU_impl.d" "../BC_Internals/BC_MathLibraries/Mathematics_GPU_impl.cu"
/usr/local/cuda-9.1/bin/nvcc -I/usr/local/cuda-9.1/bin -I/usr/local/cuda/include -I/usr/local/include/atlas-base -I/home/joseph/BlackCat_Libraries/BlackCat_Tensors3.2/BlackCat_Tensors_Functions/Functions -O3 -Xcompiler -fopenmp --compile --relocatable-device-code=true -gencode arch=compute_52,code=compute_52 -gencode arch=compute_52,code=sm_52  -x cu -o  "BC_Internals/BC_MathLibraries/Mathematics_GPU_impl.o" "../BC_Internals/BC_MathLibraries/Mathematics_GPU_impl.cu"
Finished building: ../BC_Internals/BC_MathLibraries/Mathematics_GPU_impl.cu
 
Building target: BlackCat_Tensors3.3
Invoking: NVCC Linker
/usr/local/cuda-9.1/bin/nvcc --cudart static -L/usr/lib/atlas-base -L/usr/local/cuda/include -L/usr/local/cuda-9.1/bin --relocatable-device-code=true -gencode arch=compute_52,code=compute_52 -gencode arch=compute_52,code=sm_52 -link -o  "BlackCat_Tensors3.3"  ./UnitTests/main.o  ./BC_Internals/BC_MathLibraries/Mathematics_GPU.o ./BC_Internals/BC_MathLibraries/Mathematics_GPU_impl.o   -lcblas -lf77blas -lcublas -lgomp
Finished building target: BlackCat_Tensors3.3
 
22:11:25 **** Incremental Build of configuration Release for project BlackCat_Tensors3.3 ****
make all 
Building file: ../UnitTests/main.cu
Invoking: NVCC Compiler
/usr/local/cuda-9.1/bin/nvcc -I/usr/local/cuda-9.1/bin -I/usr/local/cuda/include -I/usr/local/include/atlas-base -I/home/joseph/BlackCat_Libraries/BlackCat_Tensors3.2/BlackCat_Tensors_Functions/Functions -O3 -Xcompiler -fopenmp -gencode arch=compute_52,code=sm_52  -odir "UnitTests" -M -o "UnitTests/main.d" "../UnitTests/main.cu"
/usr/local/cuda-9.1/bin/nvcc -I/usr/local/cuda-9.1/bin -I/usr/local/cuda/include -I/usr/local/include/atlas-base -I/home/joseph/BlackCat_Libraries/BlackCat_Tensors3.2/BlackCat_Tensors_Functions/Functions -O3 -Xcompiler -fopenmp --compile --relocatable-device-code=true -gencode arch=compute_52,code=compute_52 -gencode arch=compute_52,code=sm_52  -x cu -o  "UnitTests/main.o" "../UnitTests/main.cu"
../UnitTests/../BC_Internals/BC_Expressions/Expression_Unary_MatrixTransposition.h(22): error: expression preceding parentheses of apparent call must have (pointer-to-) function type
          detected during:
            instantiation of "int BC::unary_expression_transpose<T, functor_type>::RANK() [with T=float, functor_type=BC::_functor<BC::Matrix<float, ml>>]" 
(24): here
            instantiation of "BC::unary_expression_transpose<T, functor_type>::unary_expression_transpose(functor_type) [with T=float, functor_type=BC::_functor<BC::Matrix<float, ml>>]" 
../UnitTests/../BC_Internals/BC_Core/Implementation_Core/Tensor_Initializer.h(33): here
            instantiation of "BC::TensorInitializer<derived, expression_tensor>::TensorInitializer(const params &...) [with derived=BC::Matrix<BC::unary_expression_transpose<float, BC::_functor<BC::Matrix<float, ml>>>, ml>, expression_tensor=void, params=<BC::_functor<BC::Matrix<float, ml>>>]" 
../UnitTests/../BC_Internals/BC_Core/TensorBase.h(50): here
            instantiation of "BC::TensorBase<derived>::TensorBase(const params &...) [with derived=BC::Matrix<BC::unary_expression_transpose<float, BC::_functor<BC::Matrix<float, ml>>>, ml>, params=<BC::_functor<BC::Matrix<float, ml>>>]" 
../UnitTests/../BC_Internals/BC_Core/Matrix.h(39): here
            instantiation of "BC::Matrix<T, Mathlib>::Matrix(const params &...) [with T=BC::unary_expression_transpose<float, BC::_functor<BC::Matrix<float, ml>>>, Mathlib=ml, params=<BC::_functor<BC::Matrix<float, ml>>>]" 
../UnitTests/../BC_Internals/BC_Core/Matrix.h(48): here
            instantiation of "const BC::Matrix<BC::unary_expression_transpose<BC::MTF::determine_scalar<T>::type, BC::TensorBase<BC::Matrix<T, Mathlib>>::functor_type>, Mathlib> BC::Matrix<T, Mathlib>::t() const [with T=float, Mathlib=ml]" 
../UnitTests/main.cu(40): here

1 error detected in the compilation of "/tmp/tmpxft_0000303d_00000000-6_main.cpp1.ii".
UnitTests/subdir.mk:18: recipe for target 'UnitTests/main.o' failed
make: *** [UnitTests/main.o] Error 1
22:12:02 **** Incremental Build of configuration Release for project BlackCat_Tensors3.3 ****
make all 
Building file: ../UnitTests/main.cu
Invoking: NVCC Compiler
/usr/local/cuda-9.1/bin/nvcc -I/usr/local/cuda-9.1/bin -I/usr/local/cuda/include -I/usr/local/include/atlas-base -I/home/joseph/BlackCat_Libraries/BlackCat_Tensors3.2/BlackCat_Tensors_Functions/Functions -O3 -Xcompiler -fopenmp -gencode arch=compute_52,code=sm_52  -odir "UnitTests" -M -o "UnitTests/main.d" "../UnitTests/main.cu"
/usr/local/cuda-9.1/bin/nvcc -I/usr/local/cuda-9.1/bin -I/usr/local/cuda/include -I/usr/local/include/atlas-base -I/home/joseph/BlackCat_Libraries/BlackCat_Tensors3.2/BlackCat_Tensors_Functions/Functions -O3 -Xcompiler -fopenmp --compile --relocatable-device-code=true -gencode arch=compute_52,code=compute_52 -gencode arch=compute_52,code=sm_52  -x cu -o  "UnitTests/main.o" "../UnitTests/main.cu"
../UnitTests/../BC_Internals/BC_Expressions/Expression_Unary_MatrixTransposition.h(25): error: expression preceding parentheses of apparent call must have (pointer-to-) function type
          detected during:
            instantiation of "int BC::unary_expression_transpose<T, functor_type>::RANK() [with T=float, functor_type=BC::_functor<BC::Matrix<float, ml>>]" 
(27): here
            instantiation of "BC::unary_expression_transpose<T, functor_type>::unary_expression_transpose(functor_type) [with T=float, functor_type=BC::_functor<BC::Matrix<float, ml>>]" 
../UnitTests/../BC_Internals/BC_Core/Implementation_Core/Tensor_Initializer.h(33): here
            instantiation of "BC::TensorInitializer<derived, expression_tensor>::TensorInitializer(const params &...) [with derived=BC::Matrix<BC::unary_expression_transpose<float, BC::_functor<BC::Matrix<float, ml>>>, ml>, expression_tensor=void, params=<BC::_functor<BC::Matrix<float, ml>>>]" 
../UnitTests/../BC_Internals/BC_Core/TensorBase.h(50): here
            instantiation of "BC::TensorBase<derived>::TensorBase(const params &...) [with derived=BC::Matrix<BC::unary_expression_transpose<float, BC::_functor<BC::Matrix<float, ml>>>, ml>, params=<BC::_functor<BC::Matrix<float, ml>>>]" 
../UnitTests/../BC_Internals/BC_Core/Matrix.h(39): here
            instantiation of "BC::Matrix<T, Mathlib>::Matrix(const params &...) [with T=BC::unary_expression_transpose<float, BC::_functor<BC::Matrix<float, ml>>>, Mathlib=ml, params=<BC::_functor<BC::Matrix<float, ml>>>]" 
../UnitTests/../BC_Internals/BC_Core/Matrix.h(48): here
            instantiation of "const BC::Matrix<BC::unary_expression_transpose<BC::MTF::determine_scalar<T>::type, BC::TensorBase<BC::Matrix<T, Mathlib>>::functor_type>, Mathlib> BC::Matrix<T, Mathlib>::t() const [with T=float, Mathlib=ml]" 
../UnitTests/main.cu(40): here

1 error detected in the compilation of "/tmp/tmpxft_00003090_00000000-6_main.cpp1.ii".
UnitTests/subdir.mk:18: recipe for target 'UnitTests/main.o' failed
make: *** [UnitTests/main.o] Error 1
22:12:14 **** Incremental Build of configuration Release for project BlackCat_Tensors3.3 ****
make all 
Building file: ../UnitTests/main.cu
Invoking: NVCC Compiler
/usr/local/cuda-9.1/bin/nvcc -I/usr/local/cuda-9.1/bin -I/usr/local/cuda/include -I/usr/local/include/atlas-base -I/home/joseph/BlackCat_Libraries/BlackCat_Tensors3.2/BlackCat_Tensors_Functions/Functions -O3 -Xcompiler -fopenmp -gencode arch=compute_52,code=sm_52  -odir "UnitTests" -M -o "UnitTests/main.d" "../UnitTests/main.cu"
/usr/local/cuda-9.1/bin/nvcc -I/usr/local/cuda-9.1/bin -I/usr/local/cuda/include -I/usr/local/include/atlas-base -I/home/joseph/BlackCat_Libraries/BlackCat_Tensors3.2/BlackCat_Tensors_Functions/Functions -O3 -Xcompiler -fopenmp --compile --relocatable-device-code=true -gencode arch=compute_52,code=compute_52 -gencode arch=compute_52,code=sm_52  -x cu -o  "UnitTests/main.o" "../UnitTests/main.cu"
Finished building: ../UnitTests/main.cu
 
Building target: BlackCat_Tensors3.3
Invoking: NVCC Linker
/usr/local/cuda-9.1/bin/nvcc --cudart static -L/usr/lib/atlas-base -L/usr/local/cuda/include -L/usr/local/cuda-9.1/bin --relocatable-device-code=true -gencode arch=compute_52,code=compute_52 -gencode arch=compute_52,code=sm_52 -link -o  "BlackCat_Tensors3.3"  ./UnitTests/main.o  ./BC_Internals/BC_MathLibraries/Mathematics_GPU.o ./BC_Internals/BC_MathLibraries/Mathematics_GPU_impl.o   -lcblas -lf77blas -lcublas -lgomp
Finished building target: BlackCat_Tensors3.3
 
22:12:25 **** Incremental Build of configuration Release for project BlackCat_Tensors3.3 ****
make all 
make: Nothing to be done for 'all'.
22:13:17 **** Incremental Build of configuration Release for project BlackCat_Tensors3.3 ****
make all 
Building file: ../UnitTests/main.cu
Invoking: NVCC Compiler
/usr/local/cuda-9.1/bin/nvcc -I/usr/local/cuda-9.1/bin -I/usr/local/cuda/include -I/usr/local/include/atlas-base -I/home/joseph/BlackCat_Libraries/BlackCat_Tensors3.2/BlackCat_Tensors_Functions/Functions -O3 -Xcompiler -fopenmp -gencode arch=compute_52,code=sm_52  -odir "UnitTests" -M -o "UnitTests/main.d" "../UnitTests/main.cu"
/usr/local/cuda-9.1/bin/nvcc -I/usr/local/cuda-9.1/bin -I/usr/local/cuda/include -I/usr/local/include/atlas-base -I/home/joseph/BlackCat_Libraries/BlackCat_Tensors3.2/BlackCat_Tensors_Functions/Functions -O3 -Xcompiler -fopenmp --compile --relocatable-device-code=true -gencode arch=compute_52,code=compute_52 -gencode arch=compute_52,code=sm_52  -x cu -o  "UnitTests/main.o" "../UnitTests/main.cu"
Finished building: ../UnitTests/main.cu
 
Building target: BlackCat_Tensors3.3
Invoking: NVCC Linker
/usr/local/cuda-9.1/bin/nvcc --cudart static -L/usr/lib/atlas-base -L/usr/local/cuda/include -L/usr/local/cuda-9.1/bin --relocatable-device-code=true -gencode arch=compute_52,code=compute_52 -gencode arch=compute_52,code=sm_52 -link -o  "BlackCat_Tensors3.3"  ./UnitTests/main.o  ./BC_Internals/BC_MathLibraries/Mathematics_GPU.o ./BC_Internals/BC_MathLibraries/Mathematics_GPU_impl.o   -lcblas -lf77blas -lcublas -lgomp
Finished building target: BlackCat_Tensors3.3
 
