16:07:11 **** Incremental Build of configuration Debug for project tmp ****
make all 
Building file: ../Main.cu
Invoking: NVCC Compiler
/usr/local/cuda-9.1/bin/nvcc -I/home/joseph/BlackCat_Libraries/BlackCat_Tensors3.2/BlackCat_Tensors -G -g -O0   -odir "." -M -o "Main.d" "../Main.cu"
/usr/local/cuda-9.1/bin/nvcc -I/home/joseph/BlackCat_Libraries/BlackCat_Tensors3.2/BlackCat_Tensors -G -g -O0 --compile --relocatable-device-code=false  -x cu -o  "Main.o" "../Main.cu"
../Main.cu(98): warning: missing return statement at end of non-void function "percept_MNIST"

../Main.cu(98): warning: missing return statement at end of non-void function "percept_MNIST"

Finished building: ../Main.cu
 
Building file: ../BlackCat_NeuralNetworks/FeedForward.cu
Invoking: NVCC Compiler
/usr/local/cuda-9.1/bin/nvcc -I/home/joseph/BlackCat_Libraries/BlackCat_Tensors3.2/BlackCat_Tensors -G -g -O0   -odir "BlackCat_NeuralNetworks" -M -o "BlackCat_NeuralNetworks/FeedForward.d" "../BlackCat_NeuralNetworks/FeedForward.cu"
/usr/local/cuda-9.1/bin/nvcc -I/home/joseph/BlackCat_Libraries/BlackCat_Tensors3.2/BlackCat_Tensors -G -g -O0 --compile --relocatable-device-code=false  -x cu -o  "BlackCat_NeuralNetworks/FeedForward.o" "../BlackCat_NeuralNetworks/FeedForward.cu"
Finished building: ../BlackCat_NeuralNetworks/FeedForward.cu
 
Building file: ../BlackCat_NeuralNetworks/NeuralNetwork.cu
Invoking: NVCC Compiler
/usr/local/cuda-9.1/bin/nvcc -I/home/joseph/BlackCat_Libraries/BlackCat_Tensors3.2/BlackCat_Tensors -G -g -O0   -odir "BlackCat_NeuralNetworks" -M -o "BlackCat_NeuralNetworks/NeuralNetwork.d" "../BlackCat_NeuralNetworks/NeuralNetwork.cu"
/usr/local/cuda-9.1/bin/nvcc -I/home/joseph/BlackCat_Libraries/BlackCat_Tensors3.2/BlackCat_Tensors -G -g -O0 --compile --relocatable-device-code=false  -x cu -o  "BlackCat_NeuralNetworks/NeuralNetwork.o" "../BlackCat_NeuralNetworks/NeuralNetwork.cu"
Finished building: ../BlackCat_NeuralNetworks/NeuralNetwork.cu
 
Building target: tmp
Invoking: NVCC Linker
/usr/local/cuda-9.1/bin/nvcc --cudart static --relocatable-device-code=false -link -o  "tmp"  ./Main.o  ./BlackCat_NeuralNetworks/FeedForward.o ./BlackCat_NeuralNetworks/Functions.o ./BlackCat_NeuralNetworks/NeuralNetwork.o   
./BlackCat_NeuralNetworks/FeedForward.o: In function `BC::func::gd(BC::Vector<double, BC::CPU>)':
/home/joseph/BlackCat_Libraries/tmp/Debug/../BlackCat_NeuralNetworks/FeedForward.cu:18: multiple definition of `BC::func::gd(BC::Vector<double, BC::CPU>)'
./Main.o:/home/joseph/BlackCat_Libraries/tmp/Debug/../BlackCat_NeuralNetworks/FeedForward.cu:18: first defined here
./BlackCat_NeuralNetworks/NeuralNetwork.o: In function `BC::func::gd(BC::Vector<double, BC::CPU>)':
/home/joseph/BlackCat_Libraries/tmp/Debug/../BlackCat_NeuralNetworks/FeedForward.cu:18: multiple definition of `BC::func::gd(BC::Vector<double, BC::CPU>)'
makefile:59: recipe for target 'tmp' failed
./Main.o:/home/joseph/BlackCat_Libraries/tmp/Debug/../BlackCat_NeuralNetworks/FeedForward.cu:18: first defined here
collect2: error: ld returned 1 exit status
make: *** [tmp] Error 1

16:07:18 Build Finished (took 7s.122ms)

